[2025-11-21 09:20:50] Session Id: 9DEABF5D39234FC40505697D7A4B3DDB | User: zehra@mail.com | Time: 1763706050121 | URL: /api/v1/note/list | Agent: PostmanRuntime/7.49.1
[2025-11-21 09:25:39] Session Id: 9DEABF5D39234FC40505697D7A4B3DDB | User: zehra@mail.com | Time: 1763706339149 | URL: /api/v1/note/list | Agent: PostmanRuntime/7.49.1
[2025-11-21 09:25:39] Session Id: 9DEABF5D39234FC40505697D7A4B3DDB | User: zehra@mail.com | Time: 1763706339262 | URL: /api/v1/note/list | Agent: PostmanRuntime/7.49.1
[2025-11-21 09:25:39] Session Id: 9DEABF5D39234FC40505697D7A4B3DDB | User: zehra@mail.com | Time: 1763706339377 | URL: /api/v1/note/list | Agent: PostmanRuntime/7.49.1
[2025-11-21 09:25:39] Session Id: 9DEABF5D39234FC40505697D7A4B3DDB | User: zehra@mail.com | Time: 1763706339499 | URL: /api/v1/note/list | Agent: PostmanRuntime/7.49.1
[2025-11-21 09:25:39] Session Id: 9DEABF5D39234FC40505697D7A4B3DDB | User: zehra@mail.com | Time: 1763706339619 | URL: /api/v1/note/list | Agent: PostmanRuntime/7.49.1
[2025-11-21 09:25:39] Session Id: 9DEABF5D39234FC40505697D7A4B3DDB | User: zehra@mail.com | Time: 1763706339729 | URL: /api/v1/note/list | Agent: PostmanRuntime/7.49.1
[2025-11-21 09:25:39] Session Id: 9DEABF5D39234FC40505697D7A4B3DDB | User: zehra@mail.com | Time: 1763706339840 | URL: /api/v1/note/list | Agent: PostmanRuntime/7.49.1
[2025-11-21 09:25:39] Session Id: 9DEABF5D39234FC40505697D7A4B3DDB | User: zehra@mail.com | Time: 1763706339953 | URL: /api/v1/note/list | Agent: PostmanRuntime/7.49.1
[2025-11-21 09:25:40] Session Id: 9DEABF5D39234FC40505697D7A4B3DDB | User: zehra@mail.com | Time: 1763706340066 | URL: /api/v1/note/list | Agent: PostmanRuntime/7.49.1
[2025-11-21 09:25:40] Session Id: 9DEABF5D39234FC40505697D7A4B3DDB | User: zehra@mail.com | Time: 1763706340180 | URL: /api/v1/note/list | Agent: PostmanRuntime/7.49.1
[2025-11-21 09:25:40] Session Id: 9DEABF5D39234FC40505697D7A4B3DDB | User: zehra@mail.com | Time: 1763706340293 | URL: /api/v1/note/list | Agent: PostmanRuntime/7.49.1
[2025-11-21 09:25:40] Session Id: 9DEABF5D39234FC40505697D7A4B3DDB | User: zehra@mail.com | Time: 1763706340407 | URL: /api/v1/note/list | Agent: PostmanRuntime/7.49.1
[2025-11-21 09:25:40] Session Id: 9DEABF5D39234FC40505697D7A4B3DDB | User: zehra@mail.com | Time: 1763706340520 | URL: /api/v1/note/list | Agent: PostmanRuntime/7.49.1
[2025-11-21 09:25:40] Session Id: 9DEABF5D39234FC40505697D7A4B3DDB | User: zehra@mail.com | Time: 1763706340632 | URL: /api/v1/note/list | Agent: PostmanRuntime/7.49.1
[2025-11-21 09:25:40] Session Id: 9DEABF5D39234FC40505697D7A4B3DDB | User: zehra@mail.com | Time: 1763706340757 | URL: /api/v1/note/list | Agent: PostmanRuntime/7.49.1
[2025-11-21 09:25:40] Session Id: 9DEABF5D39234FC40505697D7A4B3DDB | User: zehra@mail.com | Time: 1763706340866 | URL: /api/v1/note/list | Agent: PostmanRuntime/7.49.1
[2025-11-21 09:25:40] Session Id: 9DEABF5D39234FC40505697D7A4B3DDB | User: zehra@mail.com | Time: 1763706340975 | URL: /api/v1/note/list | Agent: PostmanRuntime/7.49.1
[2025-11-21 09:25:41] Session Id: 9DEABF5D39234FC40505697D7A4B3DDB | User: zehra@mail.com | Time: 1763706341087 | URL: /api/v1/note/list | Agent: PostmanRuntime/7.49.1
[2025-11-21 09:25:41] Session Id: 9DEABF5D39234FC40505697D7A4B3DDB | User: zehra@mail.com | Time: 1763706341199 | URL: /api/v1/note/list | Agent: PostmanRuntime/7.49.1
[2025-11-21 09:25:41] Session Id: 9DEABF5D39234FC40505697D7A4B3DDB | User: zehra@mail.com | Time: 1763706341314 | URL: /api/v1/note/list | Agent: PostmanRuntime/7.49.1
[2025-11-21 09:25:41] Session Id: 9DEABF5D39234FC40505697D7A4B3DDB | User: zehra@mail.com | Time: 1763706341428 | URL: /api/v1/note/list | Agent: PostmanRuntime/7.49.1
[2025-11-21 09:25:41] Session Id: 9DEABF5D39234FC40505697D7A4B3DDB | User: zehra@mail.com | Time: 1763706341542 | URL: /api/v1/note/list | Agent: PostmanRuntime/7.49.1
[2025-11-21 09:25:41] Session Id: 9DEABF5D39234FC40505697D7A4B3DDB | User: zehra@mail.com | Time: 1763706341655 | URL: /api/v1/note/list | Agent: PostmanRuntime/7.49.1
[2025-11-21 09:25:41] Session Id: 9DEABF5D39234FC40505697D7A4B3DDB | User: zehra@mail.com | Time: 1763706341768 | URL: /api/v1/note/list | Agent: PostmanRuntime/7.49.1
[2025-11-21 09:25:41] Session Id: 9DEABF5D39234FC40505697D7A4B3DDB | User: zehra@mail.com | Time: 1763706341881 | URL: /api/v1/note/list | Agent: PostmanRuntime/7.49.1
[2025-11-21 09:25:41] Session Id: 9DEABF5D39234FC40505697D7A4B3DDB | User: zehra@mail.com | Time: 1763706341992 | URL: /api/v1/note/list | Agent: PostmanRuntime/7.49.1
[2025-11-21 09:25:42] Session Id: 9DEABF5D39234FC40505697D7A4B3DDB | User: zehra@mail.com | Time: 1763706342102 | URL: /api/v1/note/list | Agent: PostmanRuntime/7.49.1
[2025-11-21 09:25:42] Session Id: 9DEABF5D39234FC40505697D7A4B3DDB | User: zehra@mail.com | Time: 1763706342214 | URL: /api/v1/note/list | Agent: PostmanRuntime/7.49.1
[2025-11-21 09:25:42] Session Id: 9DEABF5D39234FC40505697D7A4B3DDB | User: zehra@mail.com | Time: 1763706342326 | URL: /api/v1/note/list | Agent: PostmanRuntime/7.49.1
[2025-11-21 09:25:42] Session Id: 9DEABF5D39234FC40505697D7A4B3DDB | User: zehra@mail.com | Time: 1763706342437 | URL: /api/v1/note/list | Agent: PostmanRuntime/7.49.1
[2025-11-21 09:25:42] Session Id: 9DEABF5D39234FC40505697D7A4B3DDB | User: zehra@mail.com | Time: 1763706342550 | URL: /api/v1/note/list | Agent: PostmanRuntime/7.49.1
[2025-11-21 09:25:42] Session Id: 9DEABF5D39234FC40505697D7A4B3DDB | User: zehra@mail.com | Time: 1763706342661 | URL: /api/v1/note/list | Agent: PostmanRuntime/7.49.1
[2025-11-21 09:25:42] Session Id: 9DEABF5D39234FC40505697D7A4B3DDB | User: zehra@mail.com | Time: 1763706342774 | URL: /api/v1/note/list | Agent: PostmanRuntime/7.49.1
[2025-11-21 09:25:42] Session Id: 9DEABF5D39234FC40505697D7A4B3DDB | User: zehra@mail.com | Time: 1763706342885 | URL: /api/v1/note/list | Agent: PostmanRuntime/7.49.1
[2025-11-21 09:25:42] Session Id: 9DEABF5D39234FC40505697D7A4B3DDB | User: zehra@mail.com | Time: 1763706342998 | URL: /api/v1/note/list | Agent: PostmanRuntime/7.49.1
[2025-11-21 09:25:43] Session Id: 9DEABF5D39234FC40505697D7A4B3DDB | User: zehra@mail.com | Time: 1763706343122 | URL: /api/v1/note/list | Agent: PostmanRuntime/7.49.1
[2025-11-21 09:25:43] Session Id: 9DEABF5D39234FC40505697D7A4B3DDB | User: zehra@mail.com | Time: 1763706343234 | URL: /api/v1/note/list | Agent: PostmanRuntime/7.49.1
[2025-11-21 09:25:43] Session Id: 9DEABF5D39234FC40505697D7A4B3DDB | User: zehra@mail.com | Time: 1763706343345 | URL: /api/v1/note/list | Agent: PostmanRuntime/7.49.1
[2025-11-21 09:25:43] Session Id: 9DEABF5D39234FC40505697D7A4B3DDB | User: zehra@mail.com | Time: 1763706343458 | URL: /api/v1/note/list | Agent: PostmanRuntime/7.49.1
[2025-11-21 09:25:43] Session Id: 9DEABF5D39234FC40505697D7A4B3DDB | User: zehra@mail.com | Time: 1763706343570 | URL: /api/v1/note/list | Agent: PostmanRuntime/7.49.1
[2025-11-21 09:25:43] Session Id: 9DEABF5D39234FC40505697D7A4B3DDB | User: zehra@mail.com | Time: 1763706343683 | URL: /api/v1/note/list | Agent: PostmanRuntime/7.49.1
[2025-11-21 09:25:43] Session Id: 9DEABF5D39234FC40505697D7A4B3DDB | User: zehra@mail.com | Time: 1763706343798 | URL: /api/v1/note/list | Agent: PostmanRuntime/7.49.1
[2025-11-21 09:25:43] Session Id: 9DEABF5D39234FC40505697D7A4B3DDB | User: zehra@mail.com | Time: 1763706343910 | URL: /api/v1/note/list | Agent: PostmanRuntime/7.49.1
[2025-11-21 09:25:44] Session Id: 9DEABF5D39234FC40505697D7A4B3DDB | User: zehra@mail.com | Time: 1763706344022 | URL: /api/v1/note/list | Agent: PostmanRuntime/7.49.1
[2025-11-21 09:25:44] Session Id: 9DEABF5D39234FC40505697D7A4B3DDB | User: zehra@mail.com | Time: 1763706344133 | URL: /api/v1/note/list | Agent: PostmanRuntime/7.49.1
[2025-11-21 09:25:44] Session Id: 9DEABF5D39234FC40505697D7A4B3DDB | User: zehra@mail.com | Time: 1763706344245 | URL: /api/v1/note/list | Agent: PostmanRuntime/7.49.1
[2025-11-21 09:25:44] Session Id: 9DEABF5D39234FC40505697D7A4B3DDB | User: zehra@mail.com | Time: 1763706344355 | URL: /api/v1/note/list | Agent: PostmanRuntime/7.49.1
[2025-11-21 09:25:44] Session Id: 9DEABF5D39234FC40505697D7A4B3DDB | User: zehra@mail.com | Time: 1763706344466 | URL: /api/v1/note/list | Agent: PostmanRuntime/7.49.1
[2025-11-21 09:25:44] Session Id: 9DEABF5D39234FC40505697D7A4B3DDB | User: zehra@mail.com | Time: 1763706344577 | URL: /api/v1/note/list | Agent: PostmanRuntime/7.49.1
[2025-11-21 09:25:44] Session Id: 9DEABF5D39234FC40505697D7A4B3DDB | User: zehra@mail.com | Time: 1763706344689 | URL: /api/v1/note/list | Agent: PostmanRuntime/7.49.1
[2025-11-21 09:25:44] Session Id: 9DEABF5D39234FC40505697D7A4B3DDB | User: zehra@mail.com | Time: 1763706344801 | URL: /api/v1/note/list | Agent: PostmanRuntime/7.49.1
[2025-11-21 09:25:44] Session Id: 9DEABF5D39234FC40505697D7A4B3DDB | User: zehra@mail.com | Time: 1763706344914 | URL: /api/v1/note/list | Agent: PostmanRuntime/7.49.1
[2025-11-21 09:25:45] Session Id: 9DEABF5D39234FC40505697D7A4B3DDB | User: zehra@mail.com | Time: 1763706345025 | URL: /api/v1/note/list | Agent: PostmanRuntime/7.49.1
[2025-11-21 09:25:45] Session Id: 9DEABF5D39234FC40505697D7A4B3DDB | User: zehra@mail.com | Time: 1763706345137 | URL: /api/v1/note/list | Agent: PostmanRuntime/7.49.1
[2025-11-21 09:25:45] Session Id: 9DEABF5D39234FC40505697D7A4B3DDB | User: zehra@mail.com | Time: 1763706345246 | URL: /api/v1/note/list | Agent: PostmanRuntime/7.49.1
[2025-11-21 09:25:45] Session Id: 9DEABF5D39234FC40505697D7A4B3DDB | User: zehra@mail.com | Time: 1763706345357 | URL: /api/v1/note/list | Agent: PostmanRuntime/7.49.1
[2025-11-21 09:25:45] Session Id: 9DEABF5D39234FC40505697D7A4B3DDB | User: zehra@mail.com | Time: 1763706345468 | URL: /api/v1/note/list | Agent: PostmanRuntime/7.49.1
[2025-11-21 09:25:45] Session Id: 9DEABF5D39234FC40505697D7A4B3DDB | User: zehra@mail.com | Time: 1763706345580 | URL: /api/v1/note/list | Agent: PostmanRuntime/7.49.1
[2025-11-21 09:25:45] Session Id: 9DEABF5D39234FC40505697D7A4B3DDB | User: zehra@mail.com | Time: 1763706345692 | URL: /api/v1/note/list | Agent: PostmanRuntime/7.49.1
[2025-11-21 09:25:45] Session Id: 9DEABF5D39234FC40505697D7A4B3DDB | User: zehra@mail.com | Time: 1763706345804 | URL: /api/v1/note/list | Agent: PostmanRuntime/7.49.1
[2025-11-21 09:25:45] Session Id: 9DEABF5D39234FC40505697D7A4B3DDB | User: zehra@mail.com | Time: 1763706345916 | URL: /api/v1/note/list | Agent: PostmanRuntime/7.49.1
[2025-11-21 09:25:46] Session Id: 9DEABF5D39234FC40505697D7A4B3DDB | User: zehra@mail.com | Time: 1763706346028 | URL: /api/v1/note/list | Agent: PostmanRuntime/7.49.1
[2025-11-21 09:25:46] Session Id: 9DEABF5D39234FC40505697D7A4B3DDB | User: zehra@mail.com | Time: 1763706346138 | URL: /api/v1/note/list | Agent: PostmanRuntime/7.49.1
[2025-11-21 09:25:46] Session Id: 9DEABF5D39234FC40505697D7A4B3DDB | User: zehra@mail.com | Time: 1763706346250 | URL: /api/v1/note/list | Agent: PostmanRuntime/7.49.1
[2025-11-21 09:25:46] Session Id: 9DEABF5D39234FC40505697D7A4B3DDB | User: zehra@mail.com | Time: 1763706346360 | URL: /api/v1/note/list | Agent: PostmanRuntime/7.49.1
[2025-11-21 09:25:46] Session Id: 9DEABF5D39234FC40505697D7A4B3DDB | User: zehra@mail.com | Time: 1763706346473 | URL: /api/v1/note/list | Agent: PostmanRuntime/7.49.1
[2025-11-21 09:25:46] Session Id: 9DEABF5D39234FC40505697D7A4B3DDB | User: zehra@mail.com | Time: 1763706346584 | URL: /api/v1/note/list | Agent: PostmanRuntime/7.49.1
[2025-11-21 09:25:46] Session Id: 9DEABF5D39234FC40505697D7A4B3DDB | User: zehra@mail.com | Time: 1763706346695 | URL: /api/v1/note/list | Agent: PostmanRuntime/7.49.1
[2025-11-21 09:25:46] Session Id: 9DEABF5D39234FC40505697D7A4B3DDB | User: zehra@mail.com | Time: 1763706346807 | URL: /api/v1/note/list | Agent: PostmanRuntime/7.49.1
[2025-11-21 09:25:46] Session Id: 9DEABF5D39234FC40505697D7A4B3DDB | User: zehra@mail.com | Time: 1763706346920 | URL: /api/v1/note/list | Agent: PostmanRuntime/7.49.1
[2025-11-21 09:25:47] Session Id: 9DEABF5D39234FC40505697D7A4B3DDB | User: zehra@mail.com | Time: 1763706347032 | URL: /api/v1/note/list | Agent: PostmanRuntime/7.49.1
[2025-11-21 09:25:47] Session Id: 9DEABF5D39234FC40505697D7A4B3DDB | User: zehra@mail.com | Time: 1763706347150 | URL: /api/v1/note/list | Agent: PostmanRuntime/7.49.1
[2025-11-21 09:25:47] Session Id: 9DEABF5D39234FC40505697D7A4B3DDB | User: zehra@mail.com | Time: 1763706347262 | URL: /api/v1/note/list | Agent: PostmanRuntime/7.49.1
[2025-11-21 09:25:47] Session Id: 9DEABF5D39234FC40505697D7A4B3DDB | User: zehra@mail.com | Time: 1763706347374 | URL: /api/v1/note/list | Agent: PostmanRuntime/7.49.1
[2025-11-21 09:25:47] Session Id: 9DEABF5D39234FC40505697D7A4B3DDB | User: zehra@mail.com | Time: 1763706347486 | URL: /api/v1/note/list | Agent: PostmanRuntime/7.49.1
[2025-11-21 09:25:47] Session Id: 9DEABF5D39234FC40505697D7A4B3DDB | User: zehra@mail.com | Time: 1763706347598 | URL: /api/v1/note/list | Agent: PostmanRuntime/7.49.1
[2025-11-21 09:25:47] Session Id: 9DEABF5D39234FC40505697D7A4B3DDB | User: zehra@mail.com | Time: 1763706347710 | URL: /api/v1/note/list | Agent: PostmanRuntime/7.49.1
[2025-11-21 09:25:47] Session Id: 9DEABF5D39234FC40505697D7A4B3DDB | User: zehra@mail.com | Time: 1763706347822 | URL: /api/v1/note/list | Agent: PostmanRuntime/7.49.1
[2025-11-21 09:25:47] Session Id: 9DEABF5D39234FC40505697D7A4B3DDB | User: zehra@mail.com | Time: 1763706347935 | URL: /api/v1/note/list | Agent: PostmanRuntime/7.49.1
[2025-11-21 09:25:48] Session Id: 9DEABF5D39234FC40505697D7A4B3DDB | User: zehra@mail.com | Time: 1763706348046 | URL: /api/v1/note/list | Agent: PostmanRuntime/7.49.1
[2025-11-21 09:25:48] Session Id: 9DEABF5D39234FC40505697D7A4B3DDB | User: zehra@mail.com | Time: 1763706348157 | URL: /api/v1/note/list | Agent: PostmanRuntime/7.49.1
[2025-11-21 09:25:48] Session Id: 9DEABF5D39234FC40505697D7A4B3DDB | User: zehra@mail.com | Time: 1763706348266 | URL: /api/v1/note/list | Agent: PostmanRuntime/7.49.1
[2025-11-21 09:25:48] Session Id: 9DEABF5D39234FC40505697D7A4B3DDB | User: zehra@mail.com | Time: 1763706348378 | URL: /api/v1/note/list | Agent: PostmanRuntime/7.49.1
[2025-11-21 09:25:48] Session Id: 9DEABF5D39234FC40505697D7A4B3DDB | User: zehra@mail.com | Time: 1763706348488 | URL: /api/v1/note/list | Agent: PostmanRuntime/7.49.1
[2025-11-21 09:25:48] Session Id: 9DEABF5D39234FC40505697D7A4B3DDB | User: zehra@mail.com | Time: 1763706348600 | URL: /api/v1/note/list | Agent: PostmanRuntime/7.49.1
[2025-11-21 09:25:48] Session Id: 9DEABF5D39234FC40505697D7A4B3DDB | User: zehra@mail.com | Time: 1763706348713 | URL: /api/v1/note/list | Agent: PostmanRuntime/7.49.1
[2025-11-21 09:25:48] Session Id: 9DEABF5D39234FC40505697D7A4B3DDB | User: zehra@mail.com | Time: 1763706348823 | URL: /api/v1/note/list | Agent: PostmanRuntime/7.49.1
[2025-11-21 09:25:48] Session Id: 9DEABF5D39234FC40505697D7A4B3DDB | User: zehra@mail.com | Time: 1763706348934 | URL: /api/v1/note/list | Agent: PostmanRuntime/7.49.1
[2025-11-21 09:25:49] Session Id: 9DEABF5D39234FC40505697D7A4B3DDB | User: zehra@mail.com | Time: 1763706349046 | URL: /api/v1/note/list | Agent: PostmanRuntime/7.49.1
[2025-11-21 09:25:49] Session Id: 9DEABF5D39234FC40505697D7A4B3DDB | User: zehra@mail.com | Time: 1763706349161 | URL: /api/v1/note/list | Agent: PostmanRuntime/7.49.1
[2025-11-21 09:25:49] Session Id: 9DEABF5D39234FC40505697D7A4B3DDB | User: zehra@mail.com | Time: 1763706349272 | URL: /api/v1/note/list | Agent: PostmanRuntime/7.49.1
[2025-11-21 09:25:49] Session Id: 9DEABF5D39234FC40505697D7A4B3DDB | User: zehra@mail.com | Time: 1763706349384 | URL: /api/v1/note/list | Agent: PostmanRuntime/7.49.1
[2025-11-21 09:25:49] Session Id: 9DEABF5D39234FC40505697D7A4B3DDB | User: zehra@mail.com | Time: 1763706349499 | URL: /api/v1/note/list | Agent: PostmanRuntime/7.49.1
[2025-11-21 09:25:49] Session Id: 9DEABF5D39234FC40505697D7A4B3DDB | User: zehra@mail.com | Time: 1763706349616 | URL: /api/v1/note/list | Agent: PostmanRuntime/7.49.1
[2025-11-21 09:25:49] Session Id: 9DEABF5D39234FC40505697D7A4B3DDB | User: zehra@mail.com | Time: 1763706349727 | URL: /api/v1/note/list | Agent: PostmanRuntime/7.49.1
[2025-11-21 09:25:49] Session Id: 9DEABF5D39234FC40505697D7A4B3DDB | User: zehra@mail.com | Time: 1763706349836 | URL: /api/v1/note/list | Agent: PostmanRuntime/7.49.1
[2025-11-21 09:25:49] Session Id: 9DEABF5D39234FC40505697D7A4B3DDB | User: zehra@mail.com | Time: 1763706349946 | URL: /api/v1/note/list | Agent: PostmanRuntime/7.49.1
[2025-11-21 09:25:50] Session Id: 9DEABF5D39234FC40505697D7A4B3DDB | User: zehra@mail.com | Time: 1763706350056 | URL: /api/v1/note/list | Agent: PostmanRuntime/7.49.1
[2025-11-21 09:25:50] Session Id: 9DEABF5D39234FC40505697D7A4B3DDB | User: zehra@mail.com | Time: 1763706350166 | URL: /api/v1/note/list | Agent: PostmanRuntime/7.49.1
[2025-11-21 09:25:50] Session Id: 9DEABF5D39234FC40505697D7A4B3DDB | User: zehra@mail.com | Time: 1763706350277 | URL: /api/v1/note/list | Agent: PostmanRuntime/7.49.1
[2025-11-21 09:45:01] Session Id: 69CEF6EEB924DCFE4F27C1A21E619038 | User: zehra@mail.com | Time: 1763707501225 | URL: /api/v1/product/list | Agent: PostmanRuntime/7.49.1
[2025-11-21 09:45:02] Session Id: 69CEF6EEB924DCFE4F27C1A21E619038 | User: zehra@mail.com | Time: 1763707502293 | URL: /api/v1/product/list | Agent: PostmanRuntime/7.49.1
[2025-11-21 09:45:03] Session Id: 69CEF6EEB924DCFE4F27C1A21E619038 | User: zehra@mail.com | Time: 1763707503289 | URL: /api/v1/product/list | Agent: PostmanRuntime/7.49.1
[2025-11-21 09:45:04] Session Id: 69CEF6EEB924DCFE4F27C1A21E619038 | User: zehra@mail.com | Time: 1763707504285 | URL: /api/v1/product/list | Agent: PostmanRuntime/7.49.1
[2025-11-21 09:45:05] Session Id: 69CEF6EEB924DCFE4F27C1A21E619038 | User: zehra@mail.com | Time: 1763707505294 | URL: /api/v1/product/list | Agent: PostmanRuntime/7.49.1
[2025-11-21 09:45:06] Session Id: 69CEF6EEB924DCFE4F27C1A21E619038 | User: zehra@mail.com | Time: 1763707506289 | URL: /api/v1/product/list | Agent: PostmanRuntime/7.49.1
[2025-11-21 09:45:07] Session Id: 69CEF6EEB924DCFE4F27C1A21E619038 | User: zehra@mail.com | Time: 1763707507283 | URL: /api/v1/product/list | Agent: PostmanRuntime/7.49.1
[2025-11-21 09:45:08] Session Id: 69CEF6EEB924DCFE4F27C1A21E619038 | User: zehra@mail.com | Time: 1763707508274 | URL: /api/v1/product/list | Agent: PostmanRuntime/7.49.1
[2025-11-21 09:45:09] Session Id: 69CEF6EEB924DCFE4F27C1A21E619038 | User: zehra@mail.com | Time: 1763707509269 | URL: /api/v1/product/list | Agent: PostmanRuntime/7.49.1
[2025-11-21 09:45:10] Session Id: 69CEF6EEB924DCFE4F27C1A21E619038 | User: zehra@mail.com | Time: 1763707510255 | URL: /api/v1/product/list | Agent: PostmanRuntime/7.49.1
[2025-11-21 09:45:11] Session Id: 69CEF6EEB924DCFE4F27C1A21E619038 | User: zehra@mail.com | Time: 1763707511244 | URL: /api/v1/product/list | Agent: PostmanRuntime/7.49.1
[2025-11-21 09:45:12] Session Id: 69CEF6EEB924DCFE4F27C1A21E619038 | User: zehra@mail.com | Time: 1763707512236 | URL: /api/v1/product/list | Agent: PostmanRuntime/7.49.1
[2025-11-21 10:55:48] Session Id: DD85AEA0210C7F90E8A4B4D0A0152310 | User: zehra@mail.com | Time: 1763711748891 | URL: /api/v1/customer/control/Ali/Bil | Agent: PostmanRuntime/7.49.1
[2025-11-21 10:55:54] Session Id: DD85AEA0210C7F90E8A4B4D0A0152310 | User: zehra@mail.com | Time: 1763711754143 | URL: /api/v1/customer/control/Ali/Bili | Agent: PostmanRuntime/7.49.1
[2025-11-21 10:56:59] Session Id: DD85AEA0210C7F90E8A4B4D0A0152310 | User: zehra@mail.com | Time: 1763711819009 | URL: /api/v1/customer/control/Ali/'%20or%201%20=%201 | Agent: PostmanRuntime/7.49.1
[2025-11-21 10:57:28] Session Id: DD85AEA0210C7F90E8A4B4D0A0152310 | User: zehra@mail.com | Time: 1763711848859 | URL: /api/v1/customer/control/Ali/'%20or%201%20=%201%20-- | Agent: PostmanRuntime/7.49.1
[2025-11-21 10:58:16] Session Id: 537907127B0B30785E72F697DADDFA19 | User: zehra@mail.com | Time: 1763711896178 | URL: /api/v1/customer/control/Ali/'%20or%201%20=%201%20-- | Agent: PostmanRuntime/7.49.1
[2025-11-21 10:59:03] Session Id: 537907127B0B30785E72F697DADDFA19 | User: zehra@mail.com | Time: 1763711943987 | URL: /api/v1/customer/control/xx/'%20or%201%20=%201%20-- | Agent: PostmanRuntime/7.49.1
[2025-11-21 11:21:12] Session Id: A64C8F8DFDC05EF63618C4F560C87D43 | User: zehra@mail.com | Time: 1763713272629 | URL: /api/v1/customer/control/xx/'%20or%201%20=%201%20-- | Agent: PostmanRuntime/7.49.1
[2025-11-21 11:21:32] Session Id: A64C8F8DFDC05EF63618C4F560C87D43 | User: zehra@mail.com | Time: 1763713292440 | URL: /api/v1/customer/control/Ali/Bil | Agent: PostmanRuntime/7.49.1
[2025-11-21 11:21:54] Session Id: A64C8F8DFDC05EF63618C4F560C87D43 | User: zehra@mail.com | Time: 1763713314631 | URL: /api/v1/customer/control/Ali/Bil | Agent: PostmanRuntime/7.49.1
[2025-11-21 11:22:54] Session Id: CAD372533640701F276C2CEE32714690 | User: zehra@mail.com | Time: 1763713374195 | URL: /api/v1/customer/control/Ali/Bil | Agent: PostmanRuntime/7.49.1
[2025-11-21 11:22:58] Session Id: CAD372533640701F276C2CEE32714690 | User: zehra@mail.com | Time: 1763713378728 | URL: /api/v1/customer/control/Ali/Bili | Agent: PostmanRuntime/7.49.1
[2025-11-21 11:23:07] Session Id: CAD372533640701F276C2CEE32714690 | User: zehra@mail.com | Time: 1763713387094 | URL: /api/v1/customer/control/Ali/'%20or%201%20=%201%20-- | Agent: PostmanRuntime/7.49.1
[2025-11-21 11:24:35] Session Id: 1560DA5C880C2AA0C17806679FAB4F66 | User: zehra@mail.com | Time: 1763713475707 | URL: /api/v1/customer/control/Ali/'%20or%201%20=%201%20-- | Agent: PostmanRuntime/7.49.1
[2025-11-21 11:35:05] Session Id: 1560DA5C880C2AA0C17806679FAB4F66 | User: zehra@mail.com | Time: 1763714105603 | URL: /api/v1/product/list | Agent: PostmanRuntime/7.49.1
[2025-11-21 11:35:21] Session Id: 1560DA5C880C2AA0C17806679FAB4F66 | User: zehra@mail.com | Time: 1763714121141 | URL: /api/v1/product/list | Agent: PostmanRuntime/7.49.1
[2025-11-21 11:37:15] Session Id: E2F0759FD5ADEC363AF568A205271F8E | User: zehra@mail.com | Time: 1763714235206 | URL: /api/v1/product/list | Agent: PostmanRuntime/7.49.1
[2025-11-21 11:38:16] Session Id: E2F0759FD5ADEC363AF568A205271F8E | User: zehra@mail.com | Time: 1763714296323 | URL: /api/v1/product/list | Agent: PostmanRuntime/7.49.1
